<?xml version="1.0" encoding="UTF-8"?>
<!-- Generated by org.testng.reporters.JUnitReportReporter -->
<testsuite ignored="0" hostname="varunas-air.lan" failures="0" tests="4" name="com.securion.tests.RetirementCalculatorTest" time="60.359" errors="0" timestamp="08 Mar 2022 04:24:04 GMT" skipped="0">
  <testcase classname="com.securion.tests.RetirementCalculatorTest" name="socialBenefitsToggle" time="17.160"/>
  <testcase classname="com.securion.tests.RetirementCalculatorTest" name="calcWithAdjValues" time="17.244"/>
  <testcase classname="com.securion.tests.RetirementCalculatorTest" name="calcWithoutSocialBenefits" time="14.267"/>
  <testcase classname="com.securion.tests.RetirementCalculatorTest" name="defaultCalculatorValues" time="11.688"/>
</testsuite> <!-- com.securion.tests.RetirementCalculatorTest -->
